{
  "RSpec": {
    "coverage": {
      "/Users/tobyretallick/Development/Sandbox/web_analyser/spec/analyser_spec.rb": [
        1,
        1,
        null,
        1,
        1,
        null,
        2,
        null,
        null,
        null,
        null,
        3,
        null,
        1,
        null,
        null,
        1,
        null,
        null,
        null,
        null,
        1,
        null,
        null,
        1,
        null,
        null,
        1,
        null,
        null,
        null,
        null,
        1,
        null,
        null,
        null
      ],
      "/Users/tobyretallick/Development/Sandbox/web_analyser/lib/analyser.rb": [
        null,
        1,
        1,
        2,
        null,
        6,
        null,
        null,
        null,
        null,
        2,
        null,
        null,
        1,
        2,
        null,
        6,
        null,
        null,
        null,
        null,
        2,
        null,
        null,
        1,
        null,
        1,
        4,
        null,
        null,
        1,
        16,
        null,
        null
      ],
      "/Users/tobyretallick/Development/Sandbox/web_analyser/lib/line.rb": [
        null,
        1
      ],
      "/Users/tobyretallick/Development/Sandbox/web_analyser/spec/app_spec.rb": [
        1,
        null,
        1,
        1,
        null,
        null,
        1,
        null,
        null,
        null,
        null,
        null,
        null,
        null,
        null,
        null,
        null,
        null,
        null,
        null,
        1,
        null,
        1,
        null,
        null,
        null
      ],
      "/Users/tobyretallick/Development/Sandbox/web_analyser/lib/app.rb": [
        1,
        1,
        1,
        1,
        null,
        1,
        1,
        0,
        null,
        null,
        1,
        1,
        1,
        null,
        1,
        1,
        null,
        1,
        null,
        null,
        null,
        null,
        null,
        null,
        null,
        null
      ],
      "/Users/tobyretallick/Development/Sandbox/web_analyser/lib/reader.rb": [
        null,
        1,
        1,
        null,
        1,
        2,
        null,
        null,
        1,
        2,
        null,
        2,
        0,
        null,
        null,
        null
      ],
      "/Users/tobyretallick/Development/Sandbox/web_analyser/lib/parser.rb": [
        null,
        1,
        null,
        1,
        1,
        null,
        1,
        2,
        null,
        null,
        1,
        2,
        15,
        15,
        null,
        null,
        null
      ],
      "/Users/tobyretallick/Development/Sandbox/web_analyser/lib/printer.rb": [
        null,
        1,
        1,
        0,
        null,
        null
      ],
      "/Users/tobyretallick/Development/Sandbox/web_analyser/spec/parser_spec.rb": [
        1,
        null,
        1,
        1,
        null,
        1,
        null,
        null,
        1,
        1,
        null,
        null,
        null,
        null,
        null,
        null,
        null,
        null,
        null,
        null
      ],
      "/Users/tobyretallick/Development/Sandbox/web_analyser/spec/reader_spec.rb": [
        1,
        null,
        1,
        1,
        1,
        1,
        null,
        1,
        null,
        null
      ]
    },
    "timestamp": 1559506548
  }
}
